<?xml version="1.0" encoding="UTF-8"?>
<!-- Generated by org.testng.reporters.JUnitReportReporter -->
<testsuite hostname="DESKTOP-V62BBK2" failures="0" tests="6" name="test.testTreatians" time="94.827" errors="0" timestamp="2023-02-02T12:22:42 IST" skipped="0">
  <testcase classname="test.testTreatians" name="loginTest1" time="15.658"/>
  <system-out/>
  <testcase classname="test.testTreatians" name="loginTest1" time="12.047"/>
  <system-out/>
  <testcase classname="test.testTreatians" name="loginTest1" time="14.613"/>
  <system-out/>
  <testcase classname="test.testTreatians" name="loginTest1" time="12.396"/>
  <system-out/>
  <testcase classname="test.testTreatians" name="loginTest1" time="28.155"/>
  <system-out/>
  <testcase classname="test.testTreatians" name="loginTest1" time="11.958"/>
  <system-out/>
</testsuite> <!-- test.testTreatians -->
